<Fields>
<Field PhysicalName="CF_ATTACHMENT" Name="attachment" Label="Attachment">
<Size>1</Size>
<History>false</History>
<Required>false</Required>
<System>true</System>
<Type>String</Type>
<Verify>false</Verify>
<Virtual>false</Virtual>
<Active>false</Active>
<Editable>false</Editable>
<Filterable>true</Filterable>
<Groupable>false</Groupable>
<SupportsMultivalue>false</SupportsMultivalue>
<Visible>true</Visible>
<VersionControlled>false</VersionControlled>
</Field>
<Field PhysicalName="CF_DESCR" Name="description" Label="Description">
<Size>-1</Size>
<History>false</History>
<Required>false</Required>
<System>true</System>
<Type>Memo</Type>
<Verify>false</Verify>
<Virtual>false</Virtual>
<Active>true</Active>
<Editable>true</Editable>
<Filterable>false</Filterable>
<Groupable>false</Groupable>
<SupportsMultivalue>false</SupportsMultivalue>
<Visible>true</Visible>
<VersionControlled>false</VersionControlled>
</Field>
<Field PhysicalName="CF_VTS" Name="last-modified" Label="Modified">
<Size>20</Size>
<History>false</History>
<Required>false</Required>
<System>true</System>
<Type>DateTime</Type>
<Verify>false</Verify>
<Virtual>false</Virtual>
<Active>true</Active>
<Editable>false</Editable>
<Filterable>true</Filterable>
<Groupable>false</Groupable>
<SupportsMultivalue>false</SupportsMultivalue>
<Visible>true</Visible>
<VersionControlled>false</VersionControlled>
</Field>
<Field PhysicalName="CF_ITEM_NAME" Name="name" Label="Name">
<Size>255</Size>
<History>false</History>
<Required>true</Required>
<System>true</System>
<Type>String</Type>
<Verify>false</Verify>
<Virtual>false</Virtual>
<Active>true</Active>
<Editable>true</Editable>
<Filterable>true</Filterable>
<Groupable>false</Groupable>
<SupportsMultivalue>false</SupportsMultivalue>
<Visible>true</Visible>
<VersionControlled>false</VersionControlled>
</Field>
<Field PhysicalName="CF_NO_OF_SONS" Name="no-of-sons" Label="Number of sons">
<Size>10</Size>
<History>false</History>
<Required>false</Required>
<System>true</System>
<Type>Number</Type>
<Verify>false</Verify>
<Virtual>false</Virtual>
<Active>false</Active>
<Editable>false</Editable>
<Filterable>true</Filterable>
<Groupable>false</Groupable>
<SupportsMultivalue>false</SupportsMultivalue>
<Visible>true</Visible>
<VersionControlled>false</VersionControlled>
</Field>
<Field PhysicalName="CF_ASSIGN_RCYC" Name="assign-rcyc" Label="Target Cycle">
<Size>-1</Size>
<History>false</History>
<Required>false</Required>
<System>true</System>
<Type>Reference</Type>
<Verify>false</Verify>
<Virtual>false</Virtual>
<Active>true</Active>
<Editable>true</Editable>
<Filterable>true</Filterable>
<Groupable>true</Groupable>
<SupportsMultivalue>false</SupportsMultivalue>
<Visible>true</Visible>
<VersionControlled>false</VersionControlled>
</Field>
<Field PhysicalName="CF_FATHER_ID" Name="parent-id" Label="Test Set Folder Father ID">
<Size>10</Size>
<History>false</History>
<List-Id>0</List-Id>
<Required>false</Required>
<System>true</System>
<Type>LookupList</Type>
<Verify>false</Verify>
<Virtual>false</Virtual>
<Active>true</Active>
<Editable>true</Editable>
<Filterable>true</Filterable>
<Groupable>false</Groupable>
<SupportsMultivalue>false</SupportsMultivalue>
<Visible>true</Visible>
<VersionControlled>false</VersionControlled>
<References>
<RelationReference RelationName="testSetFolderToTestSetFolderContainment_mirrored" ReferencedEntityType="test-set-folder"/>
</References>
</Field>
<Field PhysicalName="CF_ITEM_ID" Name="id" Label="Test Set Folder ID">
<Size>10</Size>
<History>false</History>
<Required>false</Required>
<System>true</System>
<Type>Number</Type>
<Verify>false</Verify>
<Virtual>false</Virtual>
<Active>true</Active>
<Editable>false</Editable>
<Filterable>true</Filterable>
<Groupable>false</Groupable>
<SupportsMultivalue>false</SupportsMultivalue>
<Visible>true</Visible>
<VersionControlled>false</VersionControlled>
</Field>
<Field PhysicalName="CF_VIEW_ORDER" Name="view-order" Label="Test Set Folder Order ID">
<Size>10</Size>
<History>false</History>
<Required>false</Required>
<System>true</System>
<Type>Number</Type>
<Verify>false</Verify>
<Virtual>false</Virtual>
<Active>false</Active>
<Editable>true</Editable>
<Filterable>false</Filterable>
<Groupable>false</Groupable>
<SupportsMultivalue>false</SupportsMultivalue>
<Visible>true</Visible>
<VersionControlled>false</VersionControlled>
</Field>
<Field PhysicalName="CF_ITEM_PATH" Name="hierarchical-path" Label="Test Set Folder Path">
<Size>255</Size>
<History>false</History>
<Required>false</Required>
<System>true</System>
<Type>String</Type>
<Verify>false</Verify>
<Virtual>false</Virtual>
<Active>false</Active>
<Editable>true</Editable>
<Filterable>true</Filterable>
<Groupable>false</Groupable>
<SupportsMultivalue>false</SupportsMultivalue>
<Visible>true</Visible>
<VersionControlled>false</VersionControlled>
</Field>
<Field PhysicalName="CF_VER_STAMP" Name="ver-stamp" Label="Version">
<Size>10</Size>
<History>false</History>
<Required>false</Required>
<System>true</System>
<Type>Number</Type>
<Verify>false</Verify>
<Virtual>false</Virtual>
<Active>false</Active>
<Editable>false</Editable>
<Filterable>false</Filterable>
<Groupable>false</Groupable>
<SupportsMultivalue>false</SupportsMultivalue>
<Visible>true</Visible>
<VersionControlled>false</VersionControlled>
</Field>
<Field PhysicalName="CF_WORKFLOW" Name="workflow" Label="WorkFlow">
<Size>-1</Size>
<History>false</History>
<Required>false</Required>
<System>true</System>
<Type>Memo</Type>
<Verify>false</Verify>
<Virtual>false</Virtual>
<Active>false</Active>
<Editable>true</Editable>
<Filterable>false</Filterable>
<Groupable>false</Groupable>
<SupportsMultivalue>false</SupportsMultivalue>
<Visible>true</Visible>
<VersionControlled>false</VersionControlled>
</Field>
</Fields>