
<Fields>
<Field PhysicalName="TS_ASPECT_ID" Name="aspect-id" Label="Aspect type">
<Size>10</Size>
<History>false</History>
<Required>false</Required>
<System>true</System>
<Type>Reference</Type>
<Verify>true</Verify>
<Virtual>false</Virtual>
<Active>false</Active>
<Editable>true</Editable>
<Filterable>true</Filterable>
<Groupable>true</Groupable>
<SupportsMultivalue>false</SupportsMultivalue>
<Visible>true</Visible>
<VersionControlled>false</VersionControlled>
</Field>
<Field PhysicalName="TS_HAS_DEPENDENCIES" Name="has-dependencies" Label="Asset relation dependencies status">
<Size>1</Size>
<History>false</History>
<Required>false</Required>
<System>true</System>
<Type>String</Type>
<Verify>false</Verify>
<Virtual>true</Virtual>
<Active>false</Active>
<Editable>false</Editable>
<Filterable>false</Filterable>
<Groupable>false</Groupable>
<SupportsMultivalue>false</SupportsMultivalue>
<Visible>true</Visible>
<VersionControlled>false</VersionControlled>
</Field>
<Field PhysicalName="TS_ATTACHMENT" Name="attachment" Label="Attachment">
<Size>1</Size>
<History>false</History>
<Required>false</Required>
<System>true</System>
<Type>String</Type>
<Verify>false</Verify>
<Virtual>false</Virtual>
<Active>false</Active>
<Editable>false</Editable>
<Filterable>true</Filterable>
<Groupable>false</Groupable>
<SupportsMultivalue>false</SupportsMultivalue>
<Visible>true</Visible>
<VersionControlled>true</VersionControlled>
</Field>
<Field PhysicalName="TS_VC_START_AUDIT_ACTION_ID" Name="vc-start-audit-action-id" Label="Audit ID for start point for this version">
<Size>10</Size>
<History>false</History>
<Required>false</Required>
<System>true</System>
<Type>Number</Type>
<Verify>false</Verify>
<Virtual>false</Virtual>
<Active>false</Active>
<Editable>false</Editable>
<Filterable>false</Filterable>
<Groupable>false</Groupable>
<SupportsMultivalue>false</SupportsMultivalue>
<Visible>true</Visible>
<VersionControlled>true</VersionControlled>
</Field>
<Field PhysicalName="TS_VC_END_AUDIT_ACTION_ID" Name="vc-end-audit-action-id" Label="Audit ID that is a end point for this version of the test">
<Size>10</Size>
<History>false</History>
<Required>false</Required>
<System>true</System>
<Type>Number</Type>
<Verify>false</Verify>
<Virtual>false</Virtual>
<Active>false</Active>
<Editable>false</Editable>
<Filterable>false</Filterable>
<Groupable>false</Groupable>
<SupportsMultivalue>false</SupportsMultivalue>
<Visible>true</Visible>
<VersionControlled>true</VersionControlled>
</Field>
<Field PhysicalName="TS_BASE_TEST_ID" Name="base-test-id" Label="Base Test ID">
<Size>10</Size>
<History>false</History>
<Required>false</Required>
<System>true</System>
<Type>Number</Type>
<Verify>false</Verify>
<Virtual>false</Virtual>
<Active>false</Active>
<Editable>true</Editable>
<Filterable>true</Filterable>
<Groupable>false</Groupable>
<SupportsMultivalue>false</SupportsMultivalue>
<Visible>true</Visible>
<VersionControlled>true</VersionControlled>
</Field>
<Field PhysicalName="TS_BPTA_CHANGE_DETECTED" Name="bpta-change-detected" Label="Change Status">
<Size>10</Size>
<History>false</History>
<Required>false</Required>
<System>true</System>
<Type>Reference</Type>
<Verify>false</Verify>
<Virtual>false</Virtual>
<Active>true</Active>
<Editable>false</Editable>
<Filterable>true</Filterable>
<Groupable>false</Groupable>
<SupportsMultivalue>false</SupportsMultivalue>
<Visible>true</Visible>
<VersionControlled>false</VersionControlled>
</Field>
<Field PhysicalName="TS_DEV_COMMENTS" Name="dev-comments" Label="Comments">
<Size>-1</Size>
<History>false</History>
<Required>false</Required>
<System>true</System>
<Type>Memo</Type>
<Verify>false</Verify>
<Virtual>false</Virtual>
<Active>true</Active>
<Editable>true</Editable>
<Filterable>false</Filterable>
<Groupable>false</Groupable>
<SupportsMultivalue>false</SupportsMultivalue>
<Visible>true</Visible>
<VersionControlled>true</VersionControlled>
</Field>
<Field PhysicalName="TS_CONFIGURATIONS_COUNT" Name="configurations-count" Label="Count of configurations links in a test">
<Size>1</Size>
<History>false</History>
<Required>false</Required>
<System>true</System>
<Type>String</Type>
<Verify>false</Verify>
<Virtual>true</Virtual>
<Active>false</Active>
<Editable>false</Editable>
<Filterable>false</Filterable>
<Groupable>false</Groupable>
<SupportsMultivalue>false</SupportsMultivalue>
<Visible>true</Visible>
<VersionControlled>false</VersionControlled>
</Field>
<Field PhysicalName="TS_SERVICE_COUNT" Name="service-count" Label="Covered component count">
<Size>255</Size>
<History>false</History>
<Required>false</Required>
<System>true</System>
<Type>String</Type>
<Verify>false</Verify>
<Virtual>true</Virtual>
<Active>false</Active>
<Editable>false</Editable>
<Filterable>false</Filterable>
<Groupable>false</Groupable>
<SupportsMultivalue>false</SupportsMultivalue>
<Visible>true</Visible>
<VersionControlled>false</VersionControlled>
</Field>
<Field PhysicalName="TS_CREATION_DATE" Name="creation-time" Label="Creation Date">
<Size>1</Size>
<History>false</History>
<Required>false</Required>
<System>true</System>
<Type>Date</Type>
<Verify>false</Verify>
<Virtual>false</Virtual>
<Active>true</Active>
<Editable>true</Editable>
<Filterable>true</Filterable>
<Groupable>false</Groupable>
<SupportsMultivalue>false</SupportsMultivalue>
<Visible>true</Visible>
<VersionControlled>true</VersionControlled>
</Field>
<Field PhysicalName="TS_DESCRIPTION" Name="description" Label="Description">
<Size>-1</Size>
<History>false</History>
<Required>false</Required>
<System>true</System>
<Type>Memo</Type>
<Verify>false</Verify>
<Virtual>false</Virtual>
<Active>true</Active>
<Editable>true</Editable>
<Filterable>false</Filterable>
<Groupable>false</Groupable>
<SupportsMultivalue>false</SupportsMultivalue>
<Visible>true</Visible>
<VersionControlled>true</VersionControlled>
</Field>
<Field PhysicalName="TS_RESPONSIBLE" Name="owner" Label="Designer">
<Size>60</Size>
<History>false</History>
<Required>false</Required>
<System>true</System>
<Type>UsersList</Type>
<Verify>true</Verify>
<Virtual>false</Virtual>
<Active>true</Active>
<Editable>true</Editable>
<Filterable>true</Filterable>
<Groupable>true</Groupable>
<SupportsMultivalue>false</SupportsMultivalue>
<Visible>true</Visible>
<VersionControlled>true</VersionControlled>
</Field>
<Field PhysicalName="TS_ESTIMATE_DEVTIME" Name="estimate-devtime" Label="Estimated DevTime">
<Size>10</Size>
<History>false</History>
<Required>false</Required>
<System>true</System>
<Type>Number</Type>
<Verify>false</Verify>
<Virtual>false</Virtual>
<Active>true</Active>
<Editable>true</Editable>
<Filterable>true</Filterable>
<Groupable>false</Groupable>
<SupportsMultivalue>false</SupportsMultivalue>
<Visible>true</Visible>
<VersionControlled>true</VersionControlled>
</Field>
<Field PhysicalName="TS_EXEC_STATUS" Name="exec-status" Label="Execution Status">
<Size>70</Size>
<History>true</History>
<List-Id>234</List-Id>
<Required>false</Required>
<System>true</System>
<Type>LookupList</Type>
<Verify>false</Verify>
<Virtual>false</Virtual>
<Active>true</Active>
<Editable>true</Editable>
<Filterable>true</Filterable>
<Groupable>true</Groupable>
<SupportsMultivalue>false</SupportsMultivalue>
<Visible>true</Visible>
<VersionControlled>false</VersionControlled>
</Field>
<Field PhysicalName="TS_HAS_LINKAGE" Name="has-linkage" Label="Has linkage">
<Size>1</Size>
<History>false</History>
<Required>false</Required>
<System>true</System>
<Type>String</Type>
<Verify>false</Verify>
<Virtual>true</Virtual>
<Active>false</Active>
<Editable>false</Editable>
<Filterable>false</Filterable>
<Groupable>false</Groupable>
<SupportsMultivalue>false</SupportsMultivalue>
<Visible>true</Visible>
<VersionControlled>false</VersionControlled>
</Field>
<Field PhysicalName="TS_HAS_COMPONENTS" Name="has-components" Label="Indicates if the business process test has components instances">
<Size>1</Size>
<History>false</History>
<Required>false</Required>
<System>true</System>
<Type>String</Type>
<Verify>false</Verify>
<Virtual>true</Virtual>
<Active>false</Active>
<Editable>false</Editable>
<Filterable>false</Filterable>
<Groupable>false</Groupable>
<SupportsMultivalue>false</SupportsMultivalue>
<Visible>true</Visible>
<VersionControlled>false</VersionControlled>
</Field>
<Field PhysicalName="TS_HAS_CRITERIA" Name="has-criteria" Label="Indicates if the test has criteria">
<Size>1</Size>
<History>false</History>
<Required>false</Required>
<System>true</System>
<Type>String</Type>
<Verify>false</Verify>
<Virtual>true</Virtual>
<Active>false</Active>
<Editable>false</Editable>
<Filterable>false</Filterable>
<Groupable>false</Groupable>
<SupportsMultivalue>false</SupportsMultivalue>
<Visible>true</Visible>
<VersionControlled>false</VersionControlled>
</Field>
<Field PhysicalName="TS_IS_CHANGE_DETECTABLE" Name="is-change-detectable" Label="Is Test Change Detectable ">
<Size>1</Size>
<History>false</History>
<Required>false</Required>
<System>true</System>
<Type>String</Type>
<Verify>false</Verify>
<Virtual>true</Virtual>
<Active>false</Active>
<Editable>false</Editable>
<Filterable>false</Filterable>
<Groupable>false</Groupable>
<SupportsMultivalue>false</SupportsMultivalue>
<Visible>true</Visible>
<VersionControlled>true</VersionControlled>
</Field>
<Field PhysicalName="TS_VTS" Name="last-modified" Label="Modified">
<Size>20</Size>
<History>false</History>
<Required>false</Required>
<System>true</System>
<Type>DateTime</Type>
<Verify>false</Verify>
<Virtual>false</Virtual>
<Active>true</Active>
<Editable>false</Editable>
<Filterable>true</Filterable>
<Groupable>false</Groupable>
<SupportsMultivalue>false</SupportsMultivalue>
<Visible>true</Visible>
<VersionControlled>false</VersionControlled>
</Field>
<Field PhysicalName="TS_PATH" Name="storage-path" Label="Path">
<Size>255</Size>
<History>false</History>
<Required>false</Required>
<System>true</System>
<Type>String</Type>
<Verify>false</Verify>
<Virtual>false</Virtual>
<Active>true</Active>
<Editable>true</Editable>
<Filterable>true</Filterable>
<Groupable>false</Groupable>
<SupportsMultivalue>false</SupportsMultivalue>
<Visible>true</Visible>
<VersionControlled>true</VersionControlled>
</Field>
<Field PhysicalName="TS_PROTOCOL_TYPE" Name="protocol-type" Label="Protocol Type">
<Size>255</Size>
<History>false</History>
<Required>false</Required>
<System>true</System>
<Type>String</Type>
<Verify>false</Verify>
<Virtual>false</Virtual>
<Active>true</Active>
<Editable>false</Editable>
<Filterable>true</Filterable>
<Groupable>false</Groupable>
<SupportsMultivalue>false</SupportsMultivalue>
<Visible>true</Visible>
<VersionControlled>false</VersionControlled>
</Field>
<Field PhysicalName="TS_STATUS" Name="status" Label="Status">
<Size>70</Size>
<History>true</History>
<List-Id>378</List-Id>
<Required>false</Required>
<System>true</System>
<Type>LookupList</Type>
<Verify>true</Verify>
<Virtual>false</Virtual>
<Active>true</Active>
<Editable>true</Editable>
<Filterable>true</Filterable>
<Groupable>true</Groupable>
<SupportsMultivalue>false</SupportsMultivalue>
<Visible>true</Visible>
<VersionControlled>true</VersionControlled>
</Field>
<Field PhysicalName="TS_STEP_PARAM" Name="step-param" Label="Step Param">
<Size>10</Size>
<History>false</History>
<Required>false</Required>
<System>true</System>
<Type>Number</Type>
<Verify>false</Verify>
<Virtual>false</Virtual>
<Active>false</Active>
<Editable>false</Editable>
<Filterable>false</Filterable>
<Groupable>false</Groupable>
<SupportsMultivalue>false</SupportsMultivalue>
<Visible>true</Visible>
<VersionControlled>true</VersionControlled>
</Field>
<Field PhysicalName="TS_STEPS" Name="steps" Label="Steps">
<Size>5</Size>
<History>false</History>
<Required>false</Required>
<System>true</System>
<Type>Number</Type>
<Verify>false</Verify>
<Virtual>false</Virtual>
<Active>false</Active>
<Editable>false</Editable>
<Filterable>true</Filterable>
<Groupable>false</Groupable>
<SupportsMultivalue>false</SupportsMultivalue>
<Visible>true</Visible>
<VersionControlled>true</VersionControlled>
</Field>
<Field PhysicalName="TS_SUBJECT" Name="parent-id" Label="Subject">
<Size>10</Size>
<History>false</History>
<List-Id>2</List-Id>
<Required>true</Required>
<System>true</System>
<Type>Number</Type>
<Verify>true</Verify>
<Virtual>false</Virtual>
<Active>true</Active>
<Editable>false</Editable>
<Filterable>true</Filterable>
<Groupable>true</Groupable>
<SupportsMultivalue>false</SupportsMultivalue>
<Visible>true</Visible>
<VersionControlled>false</VersionControlled>
<References>
<RelationReference RelationName="testFolderToTestContainment_mirrored" ReferencedEntityType="test-folder"/>
</References>
</Field>
<Field PhysicalName="TS_TEMPLATE" Name="template" Label="Template">
<Size>1</Size>
<History>false</History>
<Required>false</Required>
<System>true</System>
<Type>String</Type>
<Verify>false</Verify>
<Virtual>false</Virtual>
<Active>true</Active>
<Editable>false</Editable>
<Filterable>true</Filterable>
<Groupable>false</Groupable>
<SupportsMultivalue>false</SupportsMultivalue>
<Visible>true</Visible>
<VersionControlled>true</VersionControlled>
</Field>
<Field PhysicalName="TS_TEST_ID" Name="id" Label="Test ID">
<Size>10</Size>
<History>false</History>
<Required>false</Required>
<System>true</System>
<Type>Number</Type>
<Verify>false</Verify>
<Virtual>false</Virtual>
<Active>true</Active>
<Editable>false</Editable>
<Filterable>true</Filterable>
<Groupable>false</Groupable>
<SupportsMultivalue>false</SupportsMultivalue>
<Visible>true</Visible>
<VersionControlled>true</VersionControlled>
</Field>
<Field PhysicalName="TS_NAME" Name="name" Label="Test Name">
<Size>255</Size>
<History>false</History>
<Required>true</Required>
<System>true</System>
<Type>String</Type>
<Verify>false</Verify>
<Virtual>false</Virtual>
<Active>true</Active>
<Editable>true</Editable>
<Filterable>true</Filterable>
<Groupable>false</Groupable>
<SupportsMultivalue>false</SupportsMultivalue>
<Visible>true</Visible>
<VersionControlled>true</VersionControlled>
</Field>
<Field PhysicalName="TS_RUNTIME_DATA" Name="runtime-data" Label="Test Runtime Data">
<Size>255</Size>
<History>false</History>
<Required>false</Required>
<System>true</System>
<Type>String</Type>
<Verify>false</Verify>
<Virtual>false</Virtual>
<Active>false</Active>
<Editable>false</Editable>
<Filterable>true</Filterable>
<Groupable>false</Groupable>
<SupportsMultivalue>false</SupportsMultivalue>
<Visible>true</Visible>
<VersionControlled>true</VersionControlled>
</Field>
<Field PhysicalName="TS_SERVICE_TEST_MODE" Name="service-test-mode" Label="Testing Mode">
<Size>70</Size>
<History>false</History>
<List-Id>285</List-Id>
<Required>false</Required>
<System>true</System>
<Type>LookupList</Type>
<Verify>true</Verify>
<Virtual>false</Virtual>
<Active>true</Active>
<Editable>false</Editable>
<Filterable>true</Filterable>
<Groupable>true</Groupable>
<SupportsMultivalue>false</SupportsMultivalue>
<Visible>true</Visible>
<VersionControlled>false</VersionControlled>
</Field>
<Field PhysicalName="TS_TESTING_ASPECT" Name="testing-aspect" Label="Testing aspect type">
<Size>255</Size>
<History>false</History>
<List-Id>288</List-Id>
<Required>false</Required>
<System>true</System>
<Type>LookupList</Type>
<Verify>true</Verify>
<Virtual>false</Virtual>
<Active>false</Active>
<Editable>true</Editable>
<Filterable>true</Filterable>
<Groupable>true</Groupable>
<SupportsMultivalue>false</SupportsMultivalue>
<Visible>true</Visible>
<VersionControlled>false</VersionControlled>
</Field>
<Field PhysicalName="TS_TEXT_SYNC" Name="text-sync" Label="Text Synchronization">
<Size>1</Size>
<History>false</History>
<Required>false</Required>
<System>true</System>
<Type>String</Type>
<Verify>false</Verify>
<Virtual>false</Virtual>
<Active>false</Active>
<Editable>false</Editable>
<Filterable>false</Filterable>
<Groupable>false</Groupable>
<SupportsMultivalue>false</SupportsMultivalue>
<Visible>true</Visible>
<VersionControlled>false</VersionControlled>
</Field>
<Field PhysicalName="TS_TIMEOUT" Name="timeout" Label="Timeout">
<Size>5</Size>
<History>false</History>
<Required>false</Required>
<System>true</System>
<Type>Number</Type>
<Verify>false</Verify>
<Virtual>false</Virtual>
<Active>false</Active>
<Editable>false</Editable>
<Filterable>false</Filterable>
<Groupable>false</Groupable>
<SupportsMultivalue>false</SupportsMultivalue>
<Visible>true</Visible>
<VersionControlled>true</VersionControlled>
</Field>
<Field PhysicalName="TS_TYPE" Name="subtype-id" Label="Type">
<Size>70</Size>
<History>false</History>
<Required>true</Required>
<System>true</System>
<Type>String</Type>
<Verify>true</Verify>
<Virtual>false</Virtual>
<Active>true</Active>
<Editable>true</Editable>
<Filterable>true</Filterable>
<Groupable>true</Groupable>
<SupportsMultivalue>false</SupportsMultivalue>
<Visible>true</Visible>
<VersionControlled>true</VersionControlled>
</Field>
<Field PhysicalName="TS_OPERATION_COUNT" Name="operation-count" Label="Used operation count">
<Size>255</Size>
<History>false</History>
<Required>false</Required>
<System>true</System>
<Type>String</Type>
<Verify>false</Verify>
<Virtual>true</Virtual>
<Active>false</Active>
<Editable>false</Editable>
<Filterable>false</Filterable>
<Groupable>false</Groupable>
<SupportsMultivalue>false</SupportsMultivalue>
<Visible>true</Visible>
<VersionControlled>false</VersionControlled>
</Field>
<Field PhysicalName="TS_TEST_VER_STAMP" Name="test-ver-stamp" Label="Version">
<Size>10</Size>
<History>false</History>
<Required>false</Required>
<System>true</System>
<Type>Number</Type>
<Verify>false</Verify>
<Virtual>false</Virtual>
<Active>false</Active>
<Editable>false</Editable>
<Filterable>false</Filterable>
<Groupable>false</Groupable>
<SupportsMultivalue>false</SupportsMultivalue>
<Visible>true</Visible>
<VersionControlled>false</VersionControlled>
</Field>
<Field PhysicalName="TS_VC_CHECKIN_COMMENTS" Name="vc-checkin-comments" Label="Version Check In Comments">
<Size>-1</Size>
<History>false</History>
<Required>false</Required>
<System>true</System>
<Type>Memo</Type>
<Verify>false</Verify>
<Virtual>false</Virtual>
<Active>false</Active>
<Editable>false</Editable>
<Filterable>false</Filterable>
<Groupable>false</Groupable>
<SupportsMultivalue>false</SupportsMultivalue>
<Visible>true</Visible>
<VersionControlled>true</VersionControlled>
</Field>
<Field PhysicalName="TS_VC_CHECKIN_DATE" Name="vc-checkin-date" Label="Version Check In Date">
<Size>1</Size>
<History>false</History>
<Required>false</Required>
<System>true</System>
<Type>Date</Type>
<Verify>false</Verify>
<Virtual>false</Virtual>
<Active>false</Active>
<Editable>true</Editable>
<Filterable>false</Filterable>
<Groupable>false</Groupable>
<SupportsMultivalue>false</SupportsMultivalue>
<Visible>true</Visible>
<VersionControlled>true</VersionControlled>
</Field>
<Field PhysicalName="TS_VC_CHECKIN_TIME" Name="vc-checkin-time" Label="Version Check In Time">
<Size>10</Size>
<History>false</History>
<Required>false</Required>
<System>true</System>
<Type>String</Type>
<Verify>false</Verify>
<Virtual>false</Virtual>
<Active>false</Active>
<Editable>true</Editable>
<Filterable>false</Filterable>
<Groupable>false</Groupable>
<SupportsMultivalue>false</SupportsMultivalue>
<Visible>true</Visible>
<VersionControlled>true</VersionControlled>
</Field>
<Field PhysicalName="TS_VC_CHECKIN_USER_NAME" Name="vc-checkin-user-name" Label="Version Checked In By">
<Size>60</Size>
<History>false</History>
<Required>false</Required>
<System>true</System>
<Type>UsersList</Type>
<Verify>false</Verify>
<Virtual>false</Virtual>
<Active>false</Active>
<Editable>false</Editable>
<Filterable>false</Filterable>
<Groupable>true</Groupable>
<SupportsMultivalue>false</SupportsMultivalue>
<Visible>true</Visible>
<VersionControlled>true</VersionControlled>
</Field>
<Field PhysicalName="TS_VC_COMMENTS" Name="vc-comments" Label="Version Comments">
<Size>-1</Size>
<History>false</History>
<Required>false</Required>
<System>true</System>
<Type>Memo</Type>
<Verify>false</Verify>
<Virtual>false</Virtual>
<Active>false</Active>
<Editable>false</Editable>
<Filterable>false</Filterable>
<Groupable>false</Groupable>
<SupportsMultivalue>false</SupportsMultivalue>
<Visible>true</Visible>
<VersionControlled>true</VersionControlled>
</Field>
<Field PhysicalName="TS_VC_DATE" Name="vc-date" Label="Version Date">
<Size>1</Size>
<History>false</History>
<Required>false</Required>
<System>true</System>
<Type>Date</Type>
<Verify>false</Verify>
<Virtual>false</Virtual>
<Active>true</Active>
<Editable>true</Editable>
<Filterable>false</Filterable>
<Groupable>false</Groupable>
<SupportsMultivalue>false</SupportsMultivalue>
<Visible>true</Visible>
<VersionControlled>true</VersionControlled>
</Field>
<Field PhysicalName="TS_VC_VERSION_NUMBER" Name="vc-version-number" Label="Version Number">
<Size>10</Size>
<History>false</History>
<Required>false</Required>
<System>true</System>
<Type>Number</Type>
<Verify>false</Verify>
<Virtual>false</Virtual>
<Active>true</Active>
<Editable>false</Editable>
<Filterable>false</Filterable>
<Groupable>false</Groupable>
<SupportsMultivalue>false</SupportsMultivalue>
<Visible>true</Visible>
<VersionControlled>false</VersionControlled>
</Field>
<Field PhysicalName="TS_VC_USER_NAME" Name="check-out-user-name" Label="Version Owner">
<Size>255</Size>
<History>false</History>
<Required>false</Required>
<System>true</System>
<Type>UsersList</Type>
<Verify>false</Verify>
<Virtual>false</Virtual>
<Active>true</Active>
<Editable>false</Editable>
<Filterable>true</Filterable>
<Groupable>true</Groupable>
<SupportsMultivalue>false</SupportsMultivalue>
<Visible>true</Visible>
<VersionControlled>true</VersionControlled>
</Field>
<Field PhysicalName="TS_VC_STATUS" Name="vc-status" Label="Version Status">
<Size>20</Size>
<History>false</History>
<List-Id>170</List-Id>
<Required>false</Required>
<System>true</System>
<Type>LookupList</Type>
<Verify>false</Verify>
<Virtual>false</Virtual>
<Active>true</Active>
<Editable>false</Editable>
<Filterable>true</Filterable>
<Groupable>true</Groupable>
<SupportsMultivalue>false</SupportsMultivalue>
<Visible>true</Visible>
<VersionControlled>true</VersionControlled>
</Field>
<Field PhysicalName="TS_VC_TIME" Name="vc-time" Label="Version Time">
<Size>10</Size>
<History>false</History>
<Required>false</Required>
<System>true</System>
<Type>String</Type>
<Verify>false</Verify>
<Virtual>false</Virtual>
<Active>true</Active>
<Editable>true</Editable>
<Filterable>false</Filterable>
<Groupable>false</Groupable>
<SupportsMultivalue>false</SupportsMultivalue>
<Visible>true</Visible>
<VersionControlled>true</VersionControlled>
</Field>
<Field PhysicalName="TS_WORKING_MODE" Name="working-mode" Label="Working Mode">
<Size>70</Size>
<History>false</History>
<List-Id>220</List-Id>
<Required>false</Required>
<System>true</System>
<Type>LookupList</Type>
<Verify>true</Verify>
<Virtual>false</Virtual>
<Active>true</Active>
<Editable>false</Editable>
<Filterable>false</Filterable>
<Groupable>true</Groupable>
<SupportsMultivalue>false</SupportsMultivalue>
<Visible>true</Visible>
<VersionControlled>false</VersionControlled>
</Field>
</Fields>