GET: http://alm-server..com:8080/qcbin/rest/domains/DEFAULT/projects/project/customization/entities/test-folder/fields
-------------------------------------------------------------
<Fields>
<Field PhysicalName="AL_ABSOLUTE_PATH" Name="hierarchical-path" Label="Absolute Path">
<Size>255</Size>
<History>false</History>
<Required>false</Required>
<System>true</System>
<Type>String</Type>
<Verify>false</Verify>
<Virtual>false</Virtual>
<Active>false</Active>
<Editable>false</Editable>
<Filterable>true</Filterable>
<Groupable>false</Groupable>
<SupportsMultivalue>false</SupportsMultivalue>
<Visible>true</Visible>
<VersionControlled>false</VersionControlled>
</Field>
<Field PhysicalName="AL_ATTACHMENT" Name="attachment" Label="Attachment">
<Size>1</Size>
<History>false</History>
<Required>false</Required>
<System>true</System>
<Type>String</Type>
<Verify>false</Verify>
<Virtual>false</Virtual>
<Active>false</Active>
<Editable>false</Editable>
<Filterable>true</Filterable>
<Groupable>false</Groupable>
<SupportsMultivalue>false</SupportsMultivalue>
<Visible>true</Visible>
<VersionControlled>false</VersionControlled>
</Field>
<Field PhysicalName="AL_MEMO" Name="description" Label="Description">
<Size>-1</Size>
<History>false</History>
<Required>false</Required>
<System>true</System>
<Type>Memo</Type>
<Verify>false</Verify>
<Virtual>false</Virtual>
<Active>true</Active>
<Editable>true</Editable>
<Filterable>false</Filterable>
<Groupable>false</Groupable>
<SupportsMultivalue>false</SupportsMultivalue>
<Visible>true</Visible>
<VersionControlled>false</VersionControlled>
</Field>
<Field PhysicalName="AL_ITEM_ID" Name="id" Label="Item Id">
<Size>10</Size>
<History>false</History>
<Required>false</Required>
<System>true</System>
<Type>Number</Type>
<Verify>false</Verify>
<Virtual>false</Virtual>
<Active>false</Active>
<Editable>false</Editable>
<Filterable>true</Filterable>
<Groupable>false</Groupable>
<SupportsMultivalue>false</SupportsMultivalue>
<Visible>true</Visible>
<VersionControlled>false</VersionControlled>
</Field>
<Field PhysicalName="AL_VTS" Name="last-modified" Label="Modified">
<Size>20</Size>
<History>false</History>
<Required>false</Required>
<System>true</System>
<Type>DateTime</Type>
<Verify>false</Verify>
<Virtual>false</Virtual>
<Active>false</Active>
<Editable>false</Editable>
<Filterable>true</Filterable>
<Groupable>false</Groupable>
<SupportsMultivalue>false</SupportsMultivalue>
<Visible>true</Visible>
<VersionControlled>false</VersionControlled>
</Field>
<Field PhysicalName="AL_DESCRIPTION" Name="name" Label="Name">
<Size>255</Size>
<History>false</History>
<Required>true</Required>
<System>true</System>
<Type>String</Type>
<Verify>false</Verify>
<Virtual>false</Virtual>
<Active>true</Active>
<Editable>true</Editable>
<Filterable>true</Filterable>
<Groupable>false</Groupable>
<SupportsMultivalue>false</SupportsMultivalue>
<Visible>true</Visible>
<VersionControlled>false</VersionControlled>
</Field>
<Field PhysicalName="AL_FATHER_ID" Name="parent-id" Label="Parent Folder">
<Size>10</Size>
<History>false</History>
<Required>true</Required>
<System>true</System>
<Type>Number</Type>
<Verify>false</Verify>
<Virtual>false</Virtual>
<Active>true</Active>
<Editable>false</Editable>
<Filterable>true</Filterable>
<Groupable>true</Groupable>
<SupportsMultivalue>false</SupportsMultivalue>
<Visible>true</Visible>
<VersionControlled>false</VersionControlled>
<References>
<RelationReference RelationName="testFolderToTestFolderContainment_mirrored" ReferencedEntityType="test-folder"/>
</References>
</Field>
<Field PhysicalName="AL_SYSTEM" Name="system" Label="System">
<Size>1</Size>
<History>false</History>
<Required>false</Required>
<System>true</System>
<Type>String</Type>
<Verify>false</Verify>
<Virtual>false</Virtual>
<Active>false</Active>
<Editable>false</Editable>
<Filterable>true</Filterable>
<Groupable>false</Groupable>
<SupportsMultivalue>false</SupportsMultivalue>
<Visible>true</Visible>
<VersionControlled>false</VersionControlled>
</Field>
<Field PhysicalName="AL_ITEM_VERSION" Name="item-version" Label="Version">
<Size>10</Size>
<History>false</History>
<Required>false</Required>
<System>true</System>
<Type>Number</Type>
<Verify>false</Verify>
<Virtual>false</Virtual>
<Active>false</Active>
<Editable>false</Editable>
<Filterable>false</Filterable>
<Groupable>false</Groupable>
<SupportsMultivalue>false</SupportsMultivalue>
<Visible>true</Visible>
<VersionControlled>false</VersionControlled>
</Field>
<Field PhysicalName="AL_VER_STAMP" Name="ver-stamp" Label="Version">
<Size>10</Size>
<History>false</History>
<Required>false</Required>
<System>true</System>
<Type>Number</Type>
<Verify>false</Verify>
<Virtual>false</Virtual>
<Active>false</Active>
<Editable>false</Editable>
<Filterable>false</Filterable>
<Groupable>false</Groupable>
<SupportsMultivalue>false</SupportsMultivalue>
<Visible>true</Visible>
<VersionControlled>false</VersionControlled>
</Field>
<Field PhysicalName="AL_VIEW_ORDER" Name="view-order" Label="View Order">
<Size>5</Size>
<History>false</History>
<Required>false</Required>
<System>true</System>
<Type>Number</Type>
<Verify>false</Verify>
<Virtual>false</Virtual>
<Active>false</Active>
<Editable>false</Editable>
<Filterable>true</Filterable>
<Groupable>false</Groupable>
<SupportsMultivalue>false</SupportsMultivalue>
<Visible>true</Visible>
<VersionControlled>false</VersionControlled>
</Field>
</Fields>