<Fields>
<Field PhysicalName="TC_EXEC_EVENT_HANDLE" Name="exec-event-handle" Label="'On Failure' Settings">
<Size>-1</Size>
<History>false</History>
<Required>false</Required>
<System>true</System>
<Type>Memo</Type>
<Verify>false</Verify>
<Virtual>false</Virtual>
<Active>false</Active>
<Editable>true</Editable>
<Filterable>false</Filterable>
<Groupable>false</Groupable>
<SupportsMultivalue>false</SupportsMultivalue>
<Visible>true</Visible>
<VersionControlled>false</VersionControlled>
</Field>
<Field PhysicalName="TC_ATTACHMENT" Name="attachment" Label="Attachment">
<Size>1</Size>
<History>false</History>
<Required>false</Required>
<System>true</System>
<Type>String</Type>
<Verify>false</Verify>
<Virtual>false</Virtual>
<Active>false</Active>
<Editable>false</Editable>
<Filterable>true</Filterable>
<Groupable>false</Groupable>
<SupportsMultivalue>false</SupportsMultivalue>
<Visible>true</Visible>
<VersionControlled>false</VersionControlled>
</Field>
<Field PhysicalName="TC_PINNED_BASELINE" Name="pinned-baseline" Label="Baseline">
<Size>-1</Size>
<History>true</History>
<Required>false</Required>
<System>true</System>
<Type>Reference</Type>
<Verify>false</Verify>
<Virtual>false</Virtual>
<Active>true</Active>
<Editable>false</Editable>
<Filterable>true</Filterable>
<Groupable>true</Groupable>
<SupportsMultivalue>false</SupportsMultivalue>
<Visible>true</Visible>
<VersionControlled>false</VersionControlled>
</Field>
<Field PhysicalName="TC_BPTA_CHANGE_AWARENESS" Name="bpta-change-awareness" Label="Change Detection Mode">
<Size>1</Size>
<History>false</History>
<Required>false</Required>
<System>true</System>
<Type>String</Type>
<Verify>false</Verify>
<Virtual>true</Virtual>
<Active>true</Active>
<Editable>false</Editable>
<Filterable>false</Filterable>
<Groupable>false</Groupable>
<SupportsMultivalue>false</SupportsMultivalue>
<Visible>true</Visible>
<VersionControlled>false</VersionControlled>
</Field>
<Field PhysicalName="TC_OS_CONFIG" Name="os-config" Label="Configuration">
<Size>40</Size>
<History>false</History>
<List-Id>411</List-Id>
<Required>false</Required>
<System>true</System>
<Type>LookupList</Type>
<Verify>false</Verify>
<Virtual>false</Virtual>
<Active>false</Active>
<Editable>true</Editable>
<Filterable>false</Filterable>
<Groupable>true</Groupable>
<SupportsMultivalue>false</SupportsMultivalue>
<Visible>true</Visible>
<VersionControlled>false</VersionControlled>
</Field>
<Field PhysicalName="TC_TEST_CONFIG_ID" Name="test-config-id" Label="Configuration">
<Size>10</Size>
<History>false</History>
<Required>false</Required>
<System>true</System>
<Type>Number</Type>
<Verify>false</Verify>
<Virtual>false</Virtual>
<Active>false</Active>
<Editable>false</Editable>
<Filterable>true</Filterable>
<Groupable>false</Groupable>
<SupportsMultivalue>false</SupportsMultivalue>
<Visible>true</Visible>
<VersionControlled>false</VersionControlled>
<References>
<RelationReference RelationName="testConfigToTestInstanceRealization_mirrored" ReferencedEntityType="test-config"/>
</References>
</Field>
<Field PhysicalName="TC_DATA_OBJ" Name="data-obj" Label="Data Object">
<Size>-1</Size>
<History>false</History>
<Required>false</Required>
<System>true</System>
<Type>Memo</Type>
<Verify>false</Verify>
<Virtual>false</Virtual>
<Active>false</Active>
<Editable>true</Editable>
<Filterable>false</Filterable>
<Groupable>false</Groupable>
<SupportsMultivalue>false</SupportsMultivalue>
<Visible>true</Visible>
<VersionControlled>false</VersionControlled>
</Field>
<Field PhysicalName="TC_EXEC_DATE" Name="exec-date" Label="Exec Date">
<Size>1</Size>
<History>false</History>
<Required>false</Required>
<System>true</System>
<Type>Date</Type>
<Verify>false</Verify>
<Virtual>false</Virtual>
<Active>true</Active>
<Editable>true</Editable>
<Filterable>true</Filterable>
<Groupable>false</Groupable>
<SupportsMultivalue>false</SupportsMultivalue>
<Visible>true</Visible>
<VersionControlled>false</VersionControlled>
</Field>
<Field PhysicalName="TC_HAS_LINKAGE" Name="has-linkage" Label="Has linkage">
<Size>1</Size>
<History>false</History>
<Required>false</Required>
<System>true</System>
<Type>String</Type>
<Verify>false</Verify>
<Virtual>true</Virtual>
<Active>false</Active>
<Editable>false</Editable>
<Filterable>false</Filterable>
<Groupable>false</Groupable>
<SupportsMultivalue>false</SupportsMultivalue>
<Visible>true</Visible>
<VersionControlled>false</VersionControlled>
</Field>
<Field PhysicalName="TC_ITERATIONS" Name="iterations" Label="Iterations">
<Size>255</Size>
<History>false</History>
<Required>false</Required>
<System>true</System>
<Type>String</Type>
<Verify>false</Verify>
<Virtual>false</Virtual>
<Active>true</Active>
<Editable>true</Editable>
<Filterable>true</Filterable>
<Groupable>false</Groupable>
<SupportsMultivalue>false</SupportsMultivalue>
<Visible>true</Visible>
<VersionControlled>false</VersionControlled>
</Field>
<Field PhysicalName="TC_VTS" Name="last-modified" Label="Modified">
<Size>20</Size>
<History>false</History>
<Required>false</Required>
<System>true</System>
<Type>DateTime</Type>
<Verify>false</Verify>
<Virtual>false</Virtual>
<Active>true</Active>
<Editable>false</Editable>
<Filterable>true</Filterable>
<Groupable>false</Groupable>
<SupportsMultivalue>false</SupportsMultivalue>
<Visible>true</Visible>
<VersionControlled>false</VersionControlled>
</Field>
<Field PhysicalName="TC_TEST_ORDER" Name="test-order" Label="Order Tests In Test Set">
<Size>10</Size>
<History>false</History>
<Required>true</Required>
<System>true</System>
<Type>Number</Type>
<Verify>false</Verify>
<Virtual>false</Virtual>
<Active>false</Active>
<Editable>true</Editable>
<Filterable>true</Filterable>
<Groupable>false</Groupable>
<SupportsMultivalue>false</SupportsMultivalue>
<Visible>true</Visible>
<VersionControlled>false</VersionControlled>
</Field>
<Field PhysicalName="TC_PLAN_SCHEDULING_DATE" Name="plan-scheduling-date" Label="Planned Exec Date">
<Size>1</Size>
<History>false</History>
<Required>false</Required>
<System>true</System>
<Type>Date</Type>
<Verify>false</Verify>
<Virtual>false</Virtual>
<Active>true</Active>
<Editable>true</Editable>
<Filterable>true</Filterable>
<Groupable>false</Groupable>
<SupportsMultivalue>false</SupportsMultivalue>
<Visible>true</Visible>
<VersionControlled>false</VersionControlled>
</Field>
<Field PhysicalName="TC_PLAN_SCHEDULING_TIME" Name="plan-scheduling-time" Label="Planned Exec Time">
<Size>10</Size>
<History>false</History>
<Required>false</Required>
<System>true</System>
<Type>String</Type>
<Verify>false</Verify>
<Virtual>false</Virtual>
<Active>true</Active>
<Editable>true</Editable>
<Filterable>true</Filterable>
<Groupable>false</Groupable>
<SupportsMultivalue>false</SupportsMultivalue>
<Visible>true</Visible>
<VersionControlled>false</VersionControlled>
</Field>
<Field PhysicalName="TC_HOST_NAME" Name="host-name" Label="Planned Host Name">
<Size>50</Size>
<History>false</History>
<Required>false</Required>
<System>true</System>
<Type>String</Type>
<Verify>false</Verify>
<Virtual>false</Virtual>
<Active>true</Active>
<Editable>true</Editable>
<Filterable>true</Filterable>
<Groupable>false</Groupable>
<SupportsMultivalue>false</SupportsMultivalue>
<Visible>true</Visible>
<VersionControlled>false</VersionControlled>
</Field>
<Field PhysicalName="TC_TESTER_NAME" Name="owner" Label="Responsible Tester">
<Size>60</Size>
<History>false</History>
<Required>false</Required>
<System>true</System>
<Type>UsersList</Type>
<Verify>true</Verify>
<Virtual>false</Virtual>
<Active>true</Active>
<Editable>true</Editable>
<Filterable>true</Filterable>
<Groupable>true</Groupable>
<SupportsMultivalue>false</SupportsMultivalue>
<Visible>true</Visible>
<VersionControlled>false</VersionControlled>
</Field>
<Field PhysicalName="TC_EPARAMS" Name="eparams" Label="Run Configuration">
<Size>-1</Size>
<History>false</History>
<Required>false</Required>
<System>true</System>
<Type>Memo</Type>
<Verify>false</Verify>
<Virtual>false</Virtual>
<Active>false</Active>
<Editable>true</Editable>
<Filterable>false</Filterable>
<Groupable>false</Groupable>
<SupportsMultivalue>false</SupportsMultivalue>
<Visible>true</Visible>
<VersionControlled>false</VersionControlled>
</Field>
<Field PhysicalName="TC_STATUS" Name="status" Label="Status">
<Size>70</Size>
<History>true</History>
<List-Id>234</List-Id>
<Required>false</Required>
<System>true</System>
<Type>LookupList</Type>
<Verify>true</Verify>
<Virtual>false</Virtual>
<Active>true</Active>
<Editable>true</Editable>
<Filterable>true</Filterable>
<Groupable>true</Groupable>
<SupportsMultivalue>false</SupportsMultivalue>
<Visible>true</Visible>
<VersionControlled>false</VersionControlled>
</Field>
<Field PhysicalName="TC_ASSIGN_RCYC" Name="assign-rcyc" Label="Target Cycle">
<Size>-1</Size>
<History>true</History>
<Required>false</Required>
<System>true</System>
<Type>Reference</Type>
<Verify>false</Verify>
<Virtual>false</Virtual>
<Active>true</Active>
<Editable>false</Editable>
<Filterable>true</Filterable>
<Groupable>true</Groupable>
<SupportsMultivalue>false</SupportsMultivalue>
<Visible>true</Visible>
<VersionControlled>false</VersionControlled>
</Field>
<Field PhysicalName="TC_TEST_ID" Name="test-id" Label="Test">
<Size>10</Size>
<History>false</History>
<Required>true</Required>
<System>true</System>
<Type>Number</Type>
<Verify>false</Verify>
<Virtual>false</Virtual>
<Active>false</Active>
<Editable>false</Editable>
<Filterable>true</Filterable>
<Groupable>false</Groupable>
<SupportsMultivalue>false</SupportsMultivalue>
<Visible>true</Visible>
<VersionControlled>false</VersionControlled>
<References>
<RelationReference RelationName="testToTestInstanceRelization_mirrored" ReferencedEntityType="test"/>
</References>
</Field>
<Field PhysicalName="TC_TEST_INSTANCE" Name="test-instance" Label="Test Instance">
<Size>10</Size>
<History>false</History>
<Required>false</Required>
<System>true</System>
<Type>Number</Type>
<Verify>false</Verify>
<Virtual>false</Virtual>
<Active>false</Active>
<Editable>false</Editable>
<Filterable>true</Filterable>
<Groupable>false</Groupable>
<SupportsMultivalue>false</SupportsMultivalue>
<Visible>true</Visible>
<VersionControlled>false</VersionControlled>
</Field>
<Field PhysicalName="TC_TESTCYCL_ID" Name="id" Label="Test Instance Unique ID">
<Size>10</Size>
<History>false</History>
<Required>false</Required>
<System>true</System>
<Type>Number</Type>
<Verify>false</Verify>
<Virtual>false</Virtual>
<Active>false</Active>
<Editable>false</Editable>
<Filterable>true</Filterable>
<Groupable>false</Groupable>
<SupportsMultivalue>false</SupportsMultivalue>
<Visible>true</Visible>
<VersionControlled>false</VersionControlled>
</Field>
<Field PhysicalName="TC_CYCLE" Name="cycle" Label="Test Set">
<Size>255</Size>
<History>false</History>
<Required>false</Required>
<System>true</System>
<Type>String</Type>
<Verify>false</Verify>
<Virtual>false</Virtual>
<Active>false</Active>
<Editable>true</Editable>
<Filterable>true</Filterable>
<Groupable>false</Groupable>
<SupportsMultivalue>false</SupportsMultivalue>
<Visible>true</Visible>
<VersionControlled>false</VersionControlled>
</Field>
<Field PhysicalName="TC_CYCLE_ID" Name="cycle-id" Label="TestSet">
<Size>10</Size>
<History>false</History>
<Required>true</Required>
<System>true</System>
<Type>Number</Type>
<Verify>false</Verify>
<Virtual>false</Virtual>
<Active>false</Active>
<Editable>false</Editable>
<Filterable>true</Filterable>
<Groupable>false</Groupable>
<SupportsMultivalue>false</SupportsMultivalue>
<Visible>true</Visible>
<VersionControlled>false</VersionControlled>
<References>
<RelationReference RelationName="testSetToTestInstanceContainment_mirrored" ReferencedEntityType="test-set"/>
</References>
</Field>
<Field PhysicalName="TC_ACTUAL_TESTER" Name="actual-tester" Label="Tester">
<Size>60</Size>
<History>false</History>
<Required>false</Required>
<System>true</System>
<Type>UsersList</Type>
<Verify>true</Verify>
<Virtual>false</Virtual>
<Active>true</Active>
<Editable>true</Editable>
<Filterable>true</Filterable>
<Groupable>true</Groupable>
<SupportsMultivalue>false</SupportsMultivalue>
<Visible>true</Visible>
<VersionControlled>false</VersionControlled>
</Field>
<Field PhysicalName="TC_EXEC_TIME" Name="exec-time" Label="Time">
<Size>10</Size>
<History>false</History>
<Required>false</Required>
<System>true</System>
<Type>String</Type>
<Verify>false</Verify>
<Virtual>false</Virtual>
<Active>true</Active>
<Editable>true</Editable>
<Filterable>true</Filterable>
<Groupable>false</Groupable>
<SupportsMultivalue>false</SupportsMultivalue>
<Visible>true</Visible>
<VersionControlled>false</VersionControlled>
</Field>
<Field PhysicalName="TC_SUBTYPE_ID" Name="subtype-id" Label="Type">
<Size>100</Size>
<History>false</History>
<Required>false</Required>
<System>true</System>
<Type>String</Type>
<Verify>true</Verify>
<Virtual>false</Virtual>
<Active>true</Active>
<Editable>true</Editable>
<Filterable>true</Filterable>
<Groupable>true</Groupable>
<SupportsMultivalue>false</SupportsMultivalue>
<Visible>true</Visible>
<VersionControlled>true</VersionControlled>
</Field>
<Field PhysicalName="TC_TESTCYCLE_VER_STAMP" Name="testcycle-ver-stamp" Label="Version">
<Size>10</Size>
<History>false</History>
<Required>false</Required>
<System>true</System>
<Type>Number</Type>
<Verify>false</Verify>
<Virtual>false</Virtual>
<Active>false</Active>
<Editable>false</Editable>
<Filterable>false</Filterable>
<Groupable>false</Groupable>
<SupportsMultivalue>false</SupportsMultivalue>
<Visible>true</Visible>
<VersionControlled>false</VersionControlled>
</Field>
</Fields>