<Fields>
<Field PhysicalName="CY_EXEC_EVENT_HANDLE" Name="exec-event-handle" Label="'On Failure' Settings">
<Size>-1</Size>
<History>false</History>
<Required>false</Required>
<System>true</System>
<Type>Memo</Type>
<Verify>false</Verify>
<Virtual>false</Virtual>
<Active>false</Active>
<Editable>true</Editable>
<Filterable>false</Filterable>
<Groupable>false</Groupable>
<SupportsMultivalue>false</SupportsMultivalue>
<Visible>true</Visible>
<VersionControlled>false</VersionControlled>
</Field>
<Field PhysicalName="CY_ATTACHMENT" Name="attachment" Label="Attachment">
<Size>1</Size>
<History>false</History>
<Required>false</Required>
<System>true</System>
<Type>String</Type>
<Verify>false</Verify>
<Virtual>false</Virtual>
<Active>false</Active>
<Editable>false</Editable>
<Filterable>true</Filterable>
<Groupable>false</Groupable>
<SupportsMultivalue>false</SupportsMultivalue>
<Visible>true</Visible>
<VersionControlled>false</VersionControlled>
</Field>
<Field PhysicalName="CY_PINNED_BASELINE" Name="pinned-baseline" Label="Baseline">
<Size>-1</Size>
<History>true</History>
<Required>false</Required>
<System>true</System>
<Type>Reference</Type>
<Verify>false</Verify>
<Virtual>false</Virtual>
<Active>true</Active>
<Editable>true</Editable>
<Filterable>true</Filterable>
<Groupable>true</Groupable>
<SupportsMultivalue>false</SupportsMultivalue>
<Visible>true</Visible>
<VersionControlled>false</VersionControlled>
</Field>
<Field PhysicalName="CY_CLOSE_DATE" Name="close-date" Label="Close Date">
<Size>1</Size>
<History>false</History>
<Required>false</Required>
<System>true</System>
<Type>Date</Type>
<Verify>false</Verify>
<Virtual>false</Virtual>
<Active>true</Active>
<Editable>true</Editable>
<Filterable>true</Filterable>
<Groupable>false</Groupable>
<SupportsMultivalue>false</SupportsMultivalue>
<Visible>true</Visible>
<VersionControlled>false</VersionControlled>
</Field>
<Field PhysicalName="CY_CYCLE_CONFIG" Name="cycle-config" Label="Configuration">
<Size>-1</Size>
<History>false</History>
<Required>false</Required>
<System>true</System>
<Type>Memo</Type>
<Verify>false</Verify>
<Virtual>false</Virtual>
<Active>false</Active>
<Editable>true</Editable>
<Filterable>false</Filterable>
<Groupable>false</Groupable>
<SupportsMultivalue>false</SupportsMultivalue>
<Visible>true</Visible>
<VersionControlled>false</VersionControlled>
</Field>
<Field PhysicalName="CY_OS_CONFIG" Name="os-config" Label="Configuration">
<Size>40</Size>
<History>false</History>
<List-Id>411</List-Id>
<Required>false</Required>
<System>true</System>
<Type>LookupList</Type>
<Verify>false</Verify>
<Virtual>false</Virtual>
<Active>false</Active>
<Editable>true</Editable>
<Filterable>false</Filterable>
<Groupable>true</Groupable>
<SupportsMultivalue>false</SupportsMultivalue>
<Visible>true</Visible>
<VersionControlled>false</VersionControlled>
</Field>
<Field PhysicalName="CY_COMMENT" Name="comment" Label="Description">
<Size>-1</Size>
<History>false</History>
<Required>false</Required>
<System>true</System>
<Type>Memo</Type>
<Verify>false</Verify>
<Virtual>false</Virtual>
<Active>true</Active>
<Editable>true</Editable>
<Filterable>false</Filterable>
<Groupable>false</Groupable>
<SupportsMultivalue>false</SupportsMultivalue>
<Visible>true</Visible>
<VersionControlled>false</VersionControlled>
</Field>
<Field PhysicalName="CY_DESCRIPTION" Name="description" Label="Execution Flow">
<Size>-1</Size>
<History>false</History>
<Required>false</Required>
<System>true</System>
<Type>Memo</Type>
<Verify>false</Verify>
<Virtual>false</Virtual>
<Active>false</Active>
<Editable>true</Editable>
<Filterable>false</Filterable>
<Groupable>false</Groupable>
<SupportsMultivalue>false</SupportsMultivalue>
<Visible>true</Visible>
<VersionControlled>false</VersionControlled>
</Field>
<Field PhysicalName="CY_HAS_LINKAGE" Name="has-linkage" Label="Has linkage">
<Size>1</Size>
<History>false</History>
<Required>false</Required>
<System>true</System>
<Type>String</Type>
<Verify>false</Verify>
<Virtual>true</Virtual>
<Active>false</Active>
<Editable>false</Editable>
<Filterable>false</Filterable>
<Groupable>false</Groupable>
<SupportsMultivalue>false</SupportsMultivalue>
<Visible>true</Visible>
<VersionControlled>false</VersionControlled>
</Field>
<Field PhysicalName="CY_VTS" Name="last-modified" Label="Modified">
<Size>20</Size>
<History>false</History>
<Required>false</Required>
<System>true</System>
<Type>DateTime</Type>
<Verify>false</Verify>
<Virtual>false</Virtual>
<Active>true</Active>
<Editable>false</Editable>
<Filterable>true</Filterable>
<Groupable>false</Groupable>
<SupportsMultivalue>false</SupportsMultivalue>
<Visible>true</Visible>
<VersionControlled>false</VersionControlled>
</Field>
<Field PhysicalName="CY_CYCLE" Name="name" Label="Name">
<Size>255</Size>
<History>false</History>
<Required>true</Required>
<System>true</System>
<Type>String</Type>
<Verify>false</Verify>
<Virtual>false</Virtual>
<Active>true</Active>
<Editable>true</Editable>
<Filterable>true</Filterable>
<Groupable>false</Groupable>
<SupportsMultivalue>false</SupportsMultivalue>
<Visible>true</Visible>
<VersionControlled>false</VersionControlled>
</Field>
<Field PhysicalName="CY_OPEN_DATE" Name="open-date" Label="Open Date">
<Size>1</Size>
<History>false</History>
<Required>false</Required>
<System>true</System>
<Type>Date</Type>
<Verify>false</Verify>
<Virtual>false</Virtual>
<Active>true</Active>
<Editable>true</Editable>
<Filterable>true</Filterable>
<Groupable>false</Groupable>
<SupportsMultivalue>false</SupportsMultivalue>
<Visible>true</Visible>
<VersionControlled>false</VersionControlled>
</Field>
<Field PhysicalName="CY_REQUEST_ID" Name="request-id" Label="PPM Request Id">
<Size>10</Size>
<History>false</History>
<Required>false</Required>
<System>true</System>
<Type>Number</Type>
<Verify>false</Verify>
<Virtual>false</Virtual>
<Active>false</Active>
<Editable>true</Editable>
<Filterable>true</Filterable>
<Groupable>false</Groupable>
<SupportsMultivalue>false</SupportsMultivalue>
<Visible>true</Visible>
<VersionControlled>false</VersionControlled>
</Field>
<Field PhysicalName="CY_REPORT_SETTINGS" Name="report-settings" Label="Report Settings">
<Size>-1</Size>
<History>false</History>
<Required>false</Required>
<System>true</System>
<Type>Memo</Type>
<Verify>false</Verify>
<Virtual>false</Virtual>
<Active>false</Active>
<Editable>true</Editable>
<Filterable>false</Filterable>
<Groupable>false</Groupable>
<SupportsMultivalue>false</SupportsMultivalue>
<Visible>true</Visible>
<VersionControlled>false</VersionControlled>
</Field>
<Field PhysicalName="CY_STATUS" Name="status" Label="Status">
<Size>70</Size>
<History>false</History>
<List-Id>356</List-Id>
<Required>false</Required>
<System>true</System>
<Type>LookupList</Type>
<Verify>true</Verify>
<Virtual>false</Virtual>
<Active>true</Active>
<Editable>true</Editable>
<Filterable>true</Filterable>
<Groupable>true</Groupable>
<SupportsMultivalue>false</SupportsMultivalue>
<Visible>true</Visible>
<VersionControlled>false</VersionControlled>
</Field>
<Field PhysicalName="CY_ASSIGN_RCYC" Name="assign-rcyc" Label="Target Cycle">
<Size>-1</Size>
<History>true</History>
<Required>false</Required>
<System>true</System>
<Type>Reference</Type>
<Verify>false</Verify>
<Virtual>false</Virtual>
<Active>true</Active>
<Editable>false</Editable>
<Filterable>true</Filterable>
<Groupable>true</Groupable>
<SupportsMultivalue>false</SupportsMultivalue>
<Visible>true</Visible>
<VersionControlled>false</VersionControlled>
</Field>
<Field PhysicalName="CY_FOLDER_ID" Name="parent-id" Label="Test Set Folder">
<Size>10</Size>
<History>false</History>
<List-Id>0</List-Id>
<Required>false</Required>
<System>true</System>
<Type>LookupList</Type>
<Verify>false</Verify>
<Virtual>false</Virtual>
<Active>true</Active>
<Editable>true</Editable>
<Filterable>true</Filterable>
<Groupable>false</Groupable>
<SupportsMultivalue>false</SupportsMultivalue>
<Visible>true</Visible>
<VersionControlled>false</VersionControlled>
<References>
<RelationReference RelationName="testSetFolderToTestSetContainment_mirrored" ReferencedEntityType="test-set-folder"/>
</References>
</Field>
<Field PhysicalName="CY_CYCLE_ID" Name="id" Label="Test Set ID">
<Size>10</Size>
<History>false</History>
<Required>false</Required>
<System>true</System>
<Type>Number</Type>
<Verify>false</Verify>
<Virtual>false</Virtual>
<Active>true</Active>
<Editable>false</Editable>
<Filterable>true</Filterable>
<Groupable>false</Groupable>
<SupportsMultivalue>false</SupportsMultivalue>
<Visible>true</Visible>
<VersionControlled>false</VersionControlled>
</Field>
<Field PhysicalName="CY_MAIL_SETTINGS" Name="mail-settings" Label="Test Set Notifications Settings">
<Size>-1</Size>
<History>false</History>
<Required>false</Required>
<System>true</System>
<Type>Memo</Type>
<Verify>false</Verify>
<Virtual>false</Virtual>
<Active>false</Active>
<Editable>true</Editable>
<Filterable>false</Filterable>
<Groupable>false</Groupable>
<SupportsMultivalue>false</SupportsMultivalue>
<Visible>true</Visible>
<VersionControlled>false</VersionControlled>
</Field>
<Field PhysicalName="CY_SUBTYPE_ID" Name="subtype-id" Label="Type">
<Size>100</Size>
<History>false</History>
<Required>false</Required>
<System>true</System>
<Type>String</Type>
<Verify>true</Verify>
<Virtual>false</Virtual>
<Active>true</Active>
<Editable>true</Editable>
<Filterable>true</Filterable>
<Groupable>true</Groupable>
<SupportsMultivalue>false</SupportsMultivalue>
<Visible>true</Visible>
<VersionControlled>true</VersionControlled>
</Field>
<Field PhysicalName="CY_CYCLE_VER_STAMP" Name="cycle-ver-stamp" Label="Version">
<Size>10</Size>
<History>false</History>
<Required>false</Required>
<System>true</System>
<Type>Number</Type>
<Verify>false</Verify>
<Virtual>false</Virtual>
<Active>false</Active>
<Editable>false</Editable>
<Filterable>false</Filterable>
<Groupable>false</Groupable>
<SupportsMultivalue>false</SupportsMultivalue>
<Visible>true</Visible>
<VersionControlled>false</VersionControlled>
</Field>
</Fields>